<?xml version="1.0" encoding="UTF-8"?>
<!-- Generated by org.testng.reporters.JUnitReportReporter -->
<testsuite skipped="0" hostname="Mangai-PC" name="pageObjects.NewTest" tests="1" failures="0" timestamp="30 Jun 2017 07:38:13 GMT" time="0.004" errors="0">
  <testcase name="f" time="0.004" classname="pageObjects.NewTest"/>
</testsuite> <!-- pageObjects.NewTest -->
