<?xml version="1.0" encoding="UTF-8"?>
<!-- Generated by org.testng.reporters.JUnitReportReporter -->
<testsuite skipped="0" hostname="Mangai-PC" name="inmatedemo.NewTest" tests="1" failures="0" timestamp="28 Jun 2017 06:47:50 GMT" time="0.007" errors="0">
  <testcase name="f" time="0.007" classname="inmatedemo.NewTest"/>
</testsuite> <!-- inmatedemo.NewTest -->
